[debug] [2020-03-25T06:02:30.222Z] ----------------------------------------------------------------------
[debug] [2020-03-25T06:02:30.224Z] Command:       C:\Program Files\nodejs\node.exe C:\Users\naeem\AppData\Roaming\npm\node_modules\firebase-tools\lib\bin\firebase.js deploy
[debug] [2020-03-25T06:02:30.224Z] CLI Version:   7.16.0
[debug] [2020-03-25T06:02:30.224Z] Platform:      win32
[debug] [2020-03-25T06:02:30.224Z] Node Version:  v12.15.0
[debug] [2020-03-25T06:02:30.225Z] Time:          Wed Mar 25 2020 12:02:30 GMT+0600 (Bangladesh Standard Time)
[debug] [2020-03-25T06:02:30.225Z] ----------------------------------------------------------------------
[debug] [2020-03-25T06:02:30.225Z] 
[debug] [2020-03-25T06:02:30.233Z] > command requires scopes: ["email","openid","https://www.googleapis.com/auth/cloudplatformprojects.readonly","https://www.googleapis.com/auth/firebase","https://www.googleapis.com/auth/cloud-platform"]
[debug] [2020-03-25T06:02:30.234Z] > authorizing via signed-in user
[debug] [2020-03-25T06:02:30.234Z] [iam] checking project red-onion-restaurant-nayem for permissions ["firebase.projects.get","firebasehosting.sites.update"]
[debug] [2020-03-25T06:02:30.235Z] > refreshing access token with scopes: ["email","https://www.googleapis.com/auth/cloud-platform","https://www.googleapis.com/auth/cloudplatformprojects.readonly","https://www.googleapis.com/auth/firebase","openid"]
[debug] [2020-03-25T06:02:30.235Z] >>> HTTP REQUEST POST https://www.googleapis.com/oauth2/v3/token  
 <request body omitted>
[debug] [2020-03-25T06:02:30.548Z] <<< HTTP RESPONSE 200
[debug] [2020-03-25T06:02:30.598Z] >>> HTTP REQUEST POST https://cloudresourcemanager.googleapis.com/v1/projects/red-onion-restaurant-nayem:testIamPermissions  

[debug] [2020-03-25T06:02:31.149Z] <<< HTTP RESPONSE 200
[debug] [2020-03-25T06:02:31.153Z] >>> HTTP REQUEST GET https://firebase.googleapis.com/v1beta1/projects/red-onion-restaurant-nayem  
 
[debug] [2020-03-25T06:02:31.684Z] <<< HTTP RESPONSE 200
[info] 
[info] === Deploying to 'red-onion-restaurant-nayem'...
[info] 
[info] i  deploying hosting
[debug] [2020-03-25T06:02:31.688Z] >>> HTTP REQUEST POST https://firebasehosting.googleapis.com/v1beta1/sites/red-onion-restaurant-nayem/versions  

[debug] [2020-03-25T06:02:43.201Z] Error: getaddrinfo ENOTFOUND firebasehosting.googleapis.com
    at GetAddrInfoReqWrap.onlookup [as oncomplete] (dns.js:60:26)
[error] 
[error] Error: Server Error. getaddrinfo ENOTFOUND firebasehosting.googleapis.com
